<?xml version="1.0" encoding="UTF-8"?>
<robot generator="Robot 6.0.1 (Python 3.11.0 on win32)" generated="20221205 21:33:29.496" rpa="false" schemaversion="3">
<suite id="s1" name="Tests" source="C:\Users\mydem\Documents\miniprodu\projektisininen\src\tests">
<suite id="s1-s1" name="Robot" source="C:\Users\mydem\Documents\miniprodu\projektisininen\src\tests\robot">
<suite id="s1-s1-s1" name="Download Bib" source="C:\Users\mydem\Documents\miniprodu\projektisininen\src\tests\robot\download_bib.robot">
<kw name="Open And Configure Browser" library="resource" type="SETUP">
<kw name="Open Browser" library="SeleniumLibrary">
<arg>browser=${BROWSER}</arg>
<doc>Opens a new browser instance to the optional ``url``.</doc>
<msg timestamp="20221205 21:33:31.777" level="INFO">Opening browser 'headlesschrome' to base url 'None'.</msg>
<status status="PASS" starttime="20221205 21:33:31.777" endtime="20221205 21:33:32.954"/>
</kw>
<kw name="Set Window Size" library="SeleniumLibrary">
<arg>800</arg>
<arg>600</arg>
<doc>Sets current windows size to given ``width`` and ``height``.</doc>
<status status="PASS" starttime="20221205 21:33:32.954" endtime="20221205 21:33:33.079"/>
</kw>
<kw name="Set Selenium Speed" library="SeleniumLibrary">
<arg>${DELAY}</arg>
<doc>Sets the delay that is waited after each Selenium command.</doc>
<status status="PASS" starttime="20221205 21:33:33.079" endtime="20221205 21:33:33.079"/>
</kw>
<status status="PASS" starttime="20221205 21:33:31.777" endtime="20221205 21:33:33.079"/>
</kw>
<test id="s1-s1-s1-t1" name="Download Bibliography Of References" line="10">
<kw name="Create User And Login" library="user_resource" type="SETUP">
<kw name="Create User" library="AppLibrary">
<arg>Paavo2</arg>
<arg>salasana1</arg>
<status status="PASS" starttime="20221205 21:33:33.081" endtime="20221205 21:33:39.387"/>
</kw>
<kw name="Go To Login Page" library="resource">
<kw name="Go To" library="SeleniumLibrary">
<arg>${LOGIN URL}</arg>
<doc>Navigates the current browser window to the provided ``url``.</doc>
<msg timestamp="20221205 21:33:39.387" level="INFO">Opening url 'http://localhost:5000/login'</msg>
<status status="PASS" starttime="20221205 21:33:39.387" endtime="20221205 21:33:39.785"/>
</kw>
<status status="PASS" starttime="20221205 21:33:39.387" endtime="20221205 21:33:39.785"/>
</kw>
<kw name="Set Username" library="user_resource">
<arg>Paavo2</arg>
<kw name="Input Text" library="SeleniumLibrary">
<arg>username</arg>
<arg>${username}</arg>
<doc>Types the given ``text`` into the text field identified by ``locator``.</doc>
<msg timestamp="20221205 21:33:39.787" level="INFO">Typing text 'Paavo2' into text field 'username'.</msg>
<status status="PASS" starttime="20221205 21:33:39.787" endtime="20221205 21:33:39.892"/>
</kw>
<status status="PASS" starttime="20221205 21:33:39.785" endtime="20221205 21:33:39.892"/>
</kw>
<kw name="Set Password" library="user_resource">
<arg>salasana1</arg>
<kw name="Input Password" library="SeleniumLibrary">
<arg>password</arg>
<arg>${password}</arg>
<doc>Types the given password into the text field identified by ``locator``.</doc>
<msg timestamp="20221205 21:33:39.892" level="INFO">Typing password into text field 'password'.</msg>
<msg timestamp="20221205 21:33:39.942" level="INFO">Temporally setting log level to: NONE</msg>
<msg timestamp="20221205 21:33:40.011" level="INFO">Log level changed from NONE to INFO.</msg>
<status status="PASS" starttime="20221205 21:33:39.892" endtime="20221205 21:33:40.011"/>
</kw>
<status status="PASS" starttime="20221205 21:33:39.892" endtime="20221205 21:33:40.011"/>
</kw>
<kw name="Click Button" library="SeleniumLibrary">
<arg>Kirjaudu sisään</arg>
<doc>Clicks the button identified by ``locator``.</doc>
<msg timestamp="20221205 21:33:40.012" level="INFO">Clicking button 'Kirjaudu sisään'.</msg>
<status status="PASS" starttime="20221205 21:33:40.011" endtime="20221205 21:33:40.418"/>
</kw>
<kw name="Main Page Should Be Open" library="resource">
<kw name="Location Should Be" library="SeleniumLibrary">
<arg>${HOME URL}</arg>
<doc>Verifies that the current URL is exactly ``url``.</doc>
<msg timestamp="20221205 21:33:40.426" level="INFO">Current location is 'http://localhost:5000/'.</msg>
<status status="PASS" starttime="20221205 21:33:40.418" endtime="20221205 21:33:40.426"/>
</kw>
<status status="PASS" starttime="20221205 21:33:40.418" endtime="20221205 21:33:40.426"/>
</kw>
<status status="PASS" starttime="20221205 21:33:33.080" endtime="20221205 21:33:40.426"/>
</kw>
<kw name="Go To References Page" library="resource">
<kw name="Go To" library="SeleniumLibrary">
<arg>${References URL}</arg>
<doc>Navigates the current browser window to the provided ``url``.</doc>
<msg timestamp="20221205 21:33:40.426" level="INFO">Opening url 'http://localhost:5000/citations'</msg>
<status status="PASS" starttime="20221205 21:33:40.426" endtime="20221205 21:33:40.691"/>
</kw>
<status status="PASS" starttime="20221205 21:33:40.426" endtime="20221205 21:33:40.691"/>
</kw>
<kw name="Click Link" library="SeleniumLibrary">
<arg>Lataa</arg>
<doc>Clicks a link identified by ``locator``.</doc>
<msg timestamp="20221205 21:33:40.692" level="INFO">Clicking link 'Lataa'.</msg>
<status status="PASS" starttime="20221205 21:33:40.692" endtime="20221205 21:33:40.739"/>
</kw>
<kw name="Sleep" library="BuiltIn">
<arg>5s</arg>
<doc>Pauses the test executed for the given time.</doc>
<msg timestamp="20221205 21:33:45.741" level="INFO">Slept 5 seconds</msg>
<status status="PASS" starttime="20221205 21:33:40.739" endtime="20221205 21:33:45.741"/>
</kw>
<kw name="File Should Exist" library="OperatingSystem">
<arg>templates/download.html</arg>
<doc>Fails unless the given ``path`` points to an existing file.</doc>
<msg timestamp="20221205 21:33:45.741" level="INFO" html="true">File '&lt;a href="file://C:\Users\mydem\Documents\miniprodu\projektisininen\src\templates\download.html"&gt;C:\Users\mydem\Documents\miniprodu\projektisininen\src\templates\download.html&lt;/a&gt;' exists.</msg>
<status status="PASS" starttime="20221205 21:33:45.741" endtime="20221205 21:33:45.741"/>
</kw>
<status status="PASS" starttime="20221205 21:33:33.079" endtime="20221205 21:33:45.742"/>
</test>
<kw name="Close Browser" library="SeleniumLibrary" type="TEARDOWN">
<doc>Closes the current browser.</doc>
<status status="PASS" starttime="20221205 21:33:45.742" endtime="20221205 21:33:47.794"/>
</kw>
<status status="PASS" starttime="20221205 21:33:29.515" endtime="20221205 21:33:47.794"/>
</suite>
<suite id="s1-s1-s2" name="Register" source="C:\Users\mydem\Documents\miniprodu\projektisininen\src\tests\robot\register.robot">
<kw name="Open And Configure Browser" library="resource" type="SETUP">
<kw name="Open Browser" library="SeleniumLibrary">
<arg>browser=${BROWSER}</arg>
<doc>Opens a new browser instance to the optional ``url``.</doc>
<msg timestamp="20221205 21:33:47.800" level="INFO">Opening browser 'headlesschrome' to base url 'None'.</msg>
<status status="PASS" starttime="20221205 21:33:47.800" endtime="20221205 21:33:48.916"/>
</kw>
<kw name="Set Window Size" library="SeleniumLibrary">
<arg>800</arg>
<arg>600</arg>
<doc>Sets current windows size to given ``width`` and ``height``.</doc>
<status status="PASS" starttime="20221205 21:33:48.916" endtime="20221205 21:33:49.053"/>
</kw>
<kw name="Set Selenium Speed" library="SeleniumLibrary">
<arg>${DELAY}</arg>
<doc>Sets the delay that is waited after each Selenium command.</doc>
<status status="PASS" starttime="20221205 21:33:49.053" endtime="20221205 21:33:49.053"/>
</kw>
<status status="PASS" starttime="20221205 21:33:47.800" endtime="20221205 21:33:49.053"/>
</kw>
<test id="s1-s1-s2-t1" name="Register With Valid Username And Password" line="9">
<kw name="Create User And Go To Register Page" library="user_resource" type="SETUP">
<kw name="Create User" library="AppLibrary">
<arg>Jaakko</arg>
<arg>salasana1</arg>
<status status="PASS" starttime="20221205 21:33:49.054" endtime="20221205 21:33:55.208"/>
</kw>
<kw name="Go To Registration Page" library="resource">
<kw name="Go To" library="SeleniumLibrary">
<arg>${REGISTER URL}</arg>
<doc>Navigates the current browser window to the provided ``url``.</doc>
<msg timestamp="20221205 21:33:55.208" level="INFO">Opening url 'http://localhost:5000/register'</msg>
<status status="PASS" starttime="20221205 21:33:55.208" endtime="20221205 21:33:55.623"/>
</kw>
<status status="PASS" starttime="20221205 21:33:55.208" endtime="20221205 21:33:55.623"/>
</kw>
<kw name="Registration Page Should Be Open" library="resource">
<kw name="Location Should Be" library="SeleniumLibrary">
<arg>${REGISTER URL}</arg>
<doc>Verifies that the current URL is exactly ``url``.</doc>
<msg timestamp="20221205 21:33:55.636" level="INFO">Current location is 'http://localhost:5000/register'.</msg>
<status status="PASS" starttime="20221205 21:33:55.623" endtime="20221205 21:33:55.636"/>
</kw>
<status status="PASS" starttime="20221205 21:33:55.623" endtime="20221205 21:33:55.636"/>
</kw>
<status status="PASS" starttime="20221205 21:33:49.054" endtime="20221205 21:33:55.636"/>
</kw>
<kw name="Set Username" library="user_resource">
<arg>Mikko</arg>
<kw name="Input Text" library="SeleniumLibrary">
<arg>username</arg>
<arg>${username}</arg>
<doc>Types the given ``text`` into the text field identified by ``locator``.</doc>
<msg timestamp="20221205 21:33:55.637" level="INFO">Typing text 'Mikko' into text field 'username'.</msg>
<status status="PASS" starttime="20221205 21:33:55.637" endtime="20221205 21:33:55.769"/>
</kw>
<status status="PASS" starttime="20221205 21:33:55.636" endtime="20221205 21:33:55.769"/>
</kw>
<kw name="Set Password" library="user_resource">
<arg>salasana123</arg>
<kw name="Input Password" library="SeleniumLibrary">
<arg>password</arg>
<arg>${password}</arg>
<doc>Types the given password into the text field identified by ``locator``.</doc>
<msg timestamp="20221205 21:33:55.769" level="INFO">Typing password into text field 'password'.</msg>
<msg timestamp="20221205 21:33:55.815" level="INFO">Temporally setting log level to: NONE</msg>
<msg timestamp="20221205 21:33:55.871" level="INFO">Log level changed from NONE to INFO.</msg>
<status status="PASS" starttime="20221205 21:33:55.769" endtime="20221205 21:33:55.871"/>
</kw>
<status status="PASS" starttime="20221205 21:33:55.769" endtime="20221205 21:33:55.871"/>
</kw>
<kw name="Set Password Confirmation" library="user_resource">
<arg>salasana123</arg>
<kw name="Input Password" library="SeleniumLibrary">
<arg>password_confirm</arg>
<arg>${password_confirmation}</arg>
<doc>Types the given password into the text field identified by ``locator``.</doc>
<msg timestamp="20221205 21:33:55.872" level="INFO">Typing password into text field 'password_confirm'.</msg>
<msg timestamp="20221205 21:33:55.911" level="INFO">Temporally setting log level to: NONE</msg>
<msg timestamp="20221205 21:33:55.979" level="INFO">Log level changed from NONE to INFO.</msg>
<status status="PASS" starttime="20221205 21:33:55.872" endtime="20221205 21:33:55.979"/>
</kw>
<status status="PASS" starttime="20221205 21:33:55.871" endtime="20221205 21:33:55.979"/>
</kw>
<kw name="Submit Registration Credentials" library="user_resource">
<kw name="Click Button" library="SeleniumLibrary">
<arg>Rekisteröidy</arg>
<doc>Clicks the button identified by ``locator``.</doc>
<msg timestamp="20221205 21:33:55.980" level="INFO">Clicking button 'Rekisteröidy'.</msg>
<status status="PASS" starttime="20221205 21:33:55.979" endtime="20221205 21:33:56.383"/>
</kw>
<status status="PASS" starttime="20221205 21:33:55.979" endtime="20221205 21:33:56.383"/>
</kw>
<kw name="Registration Should Succeed" library="user_resource">
<kw name="Main Page Should Be Open" library="resource">
<kw name="Location Should Be" library="SeleniumLibrary">
<arg>${HOME URL}</arg>
<doc>Verifies that the current URL is exactly ``url``.</doc>
<msg timestamp="20221205 21:33:56.401" level="INFO">Current location is 'http://localhost:5000/'.</msg>
<status status="PASS" starttime="20221205 21:33:56.384" endtime="20221205 21:33:56.401"/>
</kw>
<status status="PASS" starttime="20221205 21:33:56.384" endtime="20221205 21:33:56.402"/>
</kw>
<status status="PASS" starttime="20221205 21:33:56.384" endtime="20221205 21:33:56.402"/>
</kw>
<status status="PASS" starttime="20221205 21:33:49.053" endtime="20221205 21:33:56.402"/>
</test>
<kw name="Close Browser" library="SeleniumLibrary" type="TEARDOWN">
<doc>Closes the current browser.</doc>
<status status="PASS" starttime="20221205 21:33:56.402" endtime="20221205 21:33:58.479"/>
</kw>
<status status="PASS" starttime="20221205 21:33:47.794" endtime="20221205 21:33:58.479"/>
</suite>
<status status="PASS" starttime="20221205 21:33:29.513" endtime="20221205 21:33:58.479"/>
</suite>
<status status="PASS" starttime="20221205 21:33:29.497" endtime="20221205 21:33:58.480"/>
</suite>
<statistics>
<total>
<stat pass="2" fail="0" skip="0">All Tests</stat>
</total>
<tag>
</tag>
<suite>
<stat pass="2" fail="0" skip="0" id="s1" name="Tests">Tests</stat>
<stat pass="2" fail="0" skip="0" id="s1-s1" name="Robot">Tests.Robot</stat>
<stat pass="1" fail="0" skip="0" id="s1-s1-s1" name="Download Bib">Tests.Robot.Download Bib</stat>
<stat pass="1" fail="0" skip="0" id="s1-s1-s2" name="Register">Tests.Robot.Register</stat>
</suite>
</statistics>
<errors>
</errors>
</robot>
