<?xml version="1.0" encoding="UTF-8"?>
<robot generator="Robot 6.0.1 (Python 3.11.0 on win32)" generated="20221205 20:38:23.123" rpa="false" schemaversion="3">
<suite id="s1" name="Tests" source="C:\Users\mydem\Documents\miniprodu\projektisininen\src\tests">
<suite id="s1-s1" name="Robot" source="C:\Users\mydem\Documents\miniprodu\projektisininen\src\tests\robot">
<suite id="s1-s1-s1" name="Download Bib" source="C:\Users\mydem\Documents\miniprodu\projektisininen\src\tests\robot\download_bib.robot">
<kw name="Open And Configure Browser" library="resource" type="SETUP">
<kw name="Open Browser" library="SeleniumLibrary">
<arg>browser=${BROWSER}</arg>
<doc>Opens a new browser instance to the optional ``url``.</doc>
<msg timestamp="20221205 20:38:25.398" level="INFO">Opening browser 'headlesschrome' to base url 'None'.</msg>
<status status="PASS" starttime="20221205 20:38:25.398" endtime="20221205 20:38:26.420"/>
</kw>
<kw name="Set Window Size" library="SeleniumLibrary">
<arg>800</arg>
<arg>600</arg>
<doc>Sets current windows size to given ``width`` and ``height``.</doc>
<status status="PASS" starttime="20221205 20:38:26.420" endtime="20221205 20:38:26.540"/>
</kw>
<kw name="Set Selenium Speed" library="SeleniumLibrary">
<arg>${DELAY}</arg>
<doc>Sets the delay that is waited after each Selenium command.</doc>
<status status="PASS" starttime="20221205 20:38:26.540" endtime="20221205 20:38:26.540"/>
</kw>
<status status="PASS" starttime="20221205 20:38:25.398" endtime="20221205 20:38:26.540"/>
</kw>
<test id="s1-s1-s1-t1" name="Download Bibliography Of References" line="13">
<kw name="Create User And Login" library="user_resource" type="SETUP">
<kw name="Create User" library="AppLibrary">
<arg>Paavo2</arg>
<arg>salasana1</arg>
<status status="PASS" starttime="20221205 20:38:26.541" endtime="20221205 20:38:32.649"/>
</kw>
<kw name="Go To Login Page" library="resource">
<kw name="Go To" library="SeleniumLibrary">
<arg>${LOGIN URL}</arg>
<doc>Navigates the current browser window to the provided ``url``.</doc>
<msg timestamp="20221205 20:38:32.649" level="INFO">Opening url 'http://localhost:5000/login'</msg>
<status status="PASS" starttime="20221205 20:38:32.649" endtime="20221205 20:38:33.037"/>
</kw>
<status status="PASS" starttime="20221205 20:38:32.649" endtime="20221205 20:38:33.037"/>
</kw>
<kw name="Set Username" library="user_resource">
<arg>Paavo2</arg>
<kw name="Input Text" library="SeleniumLibrary">
<arg>username</arg>
<arg>${username}</arg>
<doc>Types the given ``text`` into the text field identified by ``locator``.</doc>
<msg timestamp="20221205 20:38:33.038" level="INFO">Typing text 'Paavo2' into text field 'username'.</msg>
<status status="PASS" starttime="20221205 20:38:33.038" endtime="20221205 20:38:33.124"/>
</kw>
<status status="PASS" starttime="20221205 20:38:33.037" endtime="20221205 20:38:33.124"/>
</kw>
<kw name="Set Password" library="user_resource">
<arg>salasana1</arg>
<kw name="Input Password" library="SeleniumLibrary">
<arg>password</arg>
<arg>${password}</arg>
<doc>Types the given password into the text field identified by ``locator``.</doc>
<msg timestamp="20221205 20:38:33.124" level="INFO">Typing password into text field 'password'.</msg>
<msg timestamp="20221205 20:38:33.166" level="INFO">Temporally setting log level to: NONE</msg>
<msg timestamp="20221205 20:38:33.209" level="INFO">Log level changed from NONE to INFO.</msg>
<status status="PASS" starttime="20221205 20:38:33.124" endtime="20221205 20:38:33.209"/>
</kw>
<status status="PASS" starttime="20221205 20:38:33.124" endtime="20221205 20:38:33.209"/>
</kw>
<kw name="Click Button" library="SeleniumLibrary">
<arg>Kirjaudu sisään</arg>
<doc>Clicks the button identified by ``locator``.</doc>
<msg timestamp="20221205 20:38:33.210" level="INFO">Clicking button 'Kirjaudu sisään'.</msg>
<status status="PASS" starttime="20221205 20:38:33.210" endtime="20221205 20:38:33.587"/>
</kw>
<kw name="Main Page Should Be Open" library="resource">
<kw name="Location Should Be" library="SeleniumLibrary">
<arg>${HOME URL}</arg>
<doc>Verifies that the current URL is exactly ``url``.</doc>
<msg timestamp="20221205 20:38:33.598" level="INFO">Current location is 'http://localhost:5000/'.</msg>
<status status="PASS" starttime="20221205 20:38:33.588" endtime="20221205 20:38:33.598"/>
</kw>
<status status="PASS" starttime="20221205 20:38:33.587" endtime="20221205 20:38:33.598"/>
</kw>
<status status="PASS" starttime="20221205 20:38:26.541" endtime="20221205 20:38:33.598"/>
</kw>
<kw name="Go To References Page" library="resource">
<kw name="Go To" library="SeleniumLibrary">
<arg>${References URL}</arg>
<doc>Navigates the current browser window to the provided ``url``.</doc>
<msg timestamp="20221205 20:38:33.598" level="INFO">Opening url 'http://localhost:5000/citations'</msg>
<status status="PASS" starttime="20221205 20:38:33.598" endtime="20221205 20:38:33.858"/>
</kw>
<status status="PASS" starttime="20221205 20:38:33.598" endtime="20221205 20:38:33.858"/>
</kw>
<kw name="Click Link" library="SeleniumLibrary">
<arg>Lataa</arg>
<doc>Clicks a link identified by ``locator``.</doc>
<msg timestamp="20221205 20:38:33.859" level="INFO">Clicking link 'Lataa'.</msg>
<status status="PASS" starttime="20221205 20:38:33.859" endtime="20221205 20:38:33.906"/>
</kw>
<kw name="File Should Exist" library="OperatingSystem">
<arg>templates/download.html</arg>
<doc>Fails unless the given ``path`` points to an existing file.</doc>
<msg timestamp="20221205 20:38:33.907" level="INFO" html="true">File '&lt;a href="file://C:\Users\mydem\Documents\miniprodu\projektisininen\src\templates\download.html"&gt;C:\Users\mydem\Documents\miniprodu\projektisininen\src\templates\download.html&lt;/a&gt;' exists.</msg>
<status status="PASS" starttime="20221205 20:38:33.906" endtime="20221205 20:38:33.907"/>
</kw>
<status status="PASS" starttime="20221205 20:38:26.540" endtime="20221205 20:38:33.907"/>
</test>
<kw name="Close Browser" library="SeleniumLibrary" type="TEARDOWN">
<doc>Closes the current browser.</doc>
<status status="PASS" starttime="20221205 20:38:33.907" endtime="20221205 20:38:35.958"/>
</kw>
<status status="PASS" starttime="20221205 20:38:23.142" endtime="20221205 20:38:35.958"/>
</suite>
<suite id="s1-s1-s2" name="Register" source="C:\Users\mydem\Documents\miniprodu\projektisininen\src\tests\robot\register.robot">
<kw name="Open And Configure Browser" library="resource" type="SETUP">
<kw name="Open Browser" library="SeleniumLibrary">
<arg>browser=${BROWSER}</arg>
<doc>Opens a new browser instance to the optional ``url``.</doc>
<msg timestamp="20221205 20:38:35.965" level="INFO">Opening browser 'headlesschrome' to base url 'None'.</msg>
<status status="PASS" starttime="20221205 20:38:35.964" endtime="20221205 20:38:36.958"/>
</kw>
<kw name="Set Window Size" library="SeleniumLibrary">
<arg>800</arg>
<arg>600</arg>
<doc>Sets current windows size to given ``width`` and ``height``.</doc>
<status status="PASS" starttime="20221205 20:38:36.958" endtime="20221205 20:38:37.091"/>
</kw>
<kw name="Set Selenium Speed" library="SeleniumLibrary">
<arg>${DELAY}</arg>
<doc>Sets the delay that is waited after each Selenium command.</doc>
<status status="PASS" starttime="20221205 20:38:37.091" endtime="20221205 20:38:37.091"/>
</kw>
<status status="PASS" starttime="20221205 20:38:35.964" endtime="20221205 20:38:37.091"/>
</kw>
<test id="s1-s1-s2-t1" name="Register With Valid Username And Password" line="9">
<kw name="Create User And Go To Register Page" library="user_resource" type="SETUP">
<kw name="Create User" library="AppLibrary">
<arg>Jaakko</arg>
<arg>salasana1</arg>
<status status="PASS" starttime="20221205 20:38:37.091" endtime="20221205 20:38:43.219"/>
</kw>
<kw name="Go To Registration Page" library="resource">
<kw name="Go To" library="SeleniumLibrary">
<arg>${REGISTER URL}</arg>
<doc>Navigates the current browser window to the provided ``url``.</doc>
<msg timestamp="20221205 20:38:43.221" level="INFO">Opening url 'http://localhost:5000/register'</msg>
<status status="PASS" starttime="20221205 20:38:43.221" endtime="20221205 20:38:43.612"/>
</kw>
<status status="PASS" starttime="20221205 20:38:43.219" endtime="20221205 20:38:43.612"/>
</kw>
<kw name="Registration Page Should Be Open" library="resource">
<kw name="Location Should Be" library="SeleniumLibrary">
<arg>${REGISTER URL}</arg>
<doc>Verifies that the current URL is exactly ``url``.</doc>
<msg timestamp="20221205 20:38:43.618" level="INFO">Current location is 'http://localhost:5000/register'.</msg>
<status status="PASS" starttime="20221205 20:38:43.613" endtime="20221205 20:38:43.618"/>
</kw>
<status status="PASS" starttime="20221205 20:38:43.612" endtime="20221205 20:38:43.618"/>
</kw>
<status status="PASS" starttime="20221205 20:38:37.091" endtime="20221205 20:38:43.618"/>
</kw>
<kw name="Set Username" library="user_resource">
<arg>Mikko</arg>
<kw name="Input Text" library="SeleniumLibrary">
<arg>username</arg>
<arg>${username}</arg>
<doc>Types the given ``text`` into the text field identified by ``locator``.</doc>
<msg timestamp="20221205 20:38:43.619" level="INFO">Typing text 'Mikko' into text field 'username'.</msg>
<status status="PASS" starttime="20221205 20:38:43.618" endtime="20221205 20:38:43.691"/>
</kw>
<status status="PASS" starttime="20221205 20:38:43.618" endtime="20221205 20:38:43.692"/>
</kw>
<kw name="Set Password" library="user_resource">
<arg>salasana123</arg>
<kw name="Input Password" library="SeleniumLibrary">
<arg>password</arg>
<arg>${password}</arg>
<doc>Types the given password into the text field identified by ``locator``.</doc>
<msg timestamp="20221205 20:38:43.692" level="INFO">Typing password into text field 'password'.</msg>
<msg timestamp="20221205 20:38:43.730" level="INFO">Temporally setting log level to: NONE</msg>
<msg timestamp="20221205 20:38:43.771" level="INFO">Log level changed from NONE to INFO.</msg>
<status status="PASS" starttime="20221205 20:38:43.692" endtime="20221205 20:38:43.771"/>
</kw>
<status status="PASS" starttime="20221205 20:38:43.692" endtime="20221205 20:38:43.771"/>
</kw>
<kw name="Set Password Confirmation" library="user_resource">
<arg>salasana123</arg>
<kw name="Input Password" library="SeleniumLibrary">
<arg>password_confirm</arg>
<arg>${password_confirmation}</arg>
<doc>Types the given password into the text field identified by ``locator``.</doc>
<msg timestamp="20221205 20:38:43.772" level="INFO">Typing password into text field 'password_confirm'.</msg>
<msg timestamp="20221205 20:38:43.807" level="INFO">Temporally setting log level to: NONE</msg>
<msg timestamp="20221205 20:38:43.851" level="INFO">Log level changed from NONE to INFO.</msg>
<status status="PASS" starttime="20221205 20:38:43.771" endtime="20221205 20:38:43.851"/>
</kw>
<status status="PASS" starttime="20221205 20:38:43.771" endtime="20221205 20:38:43.851"/>
</kw>
<kw name="Submit Registration Credentials" library="user_resource">
<kw name="Click Button" library="SeleniumLibrary">
<arg>Rekisteröidy</arg>
<doc>Clicks the button identified by ``locator``.</doc>
<msg timestamp="20221205 20:38:43.852" level="INFO">Clicking button 'Rekisteröidy'.</msg>
<status status="PASS" starttime="20221205 20:38:43.852" endtime="20221205 20:38:44.235"/>
</kw>
<status status="PASS" starttime="20221205 20:38:43.851" endtime="20221205 20:38:44.235"/>
</kw>
<kw name="Registration Should Succeed" library="user_resource">
<kw name="Main Page Should Be Open" library="resource">
<kw name="Location Should Be" library="SeleniumLibrary">
<arg>${HOME URL}</arg>
<doc>Verifies that the current URL is exactly ``url``.</doc>
<msg timestamp="20221205 20:38:44.243" level="INFO">Current location is 'http://localhost:5000/'.</msg>
<status status="PASS" starttime="20221205 20:38:44.236" endtime="20221205 20:38:44.243"/>
</kw>
<status status="PASS" starttime="20221205 20:38:44.236" endtime="20221205 20:38:44.243"/>
</kw>
<status status="PASS" starttime="20221205 20:38:44.235" endtime="20221205 20:38:44.244"/>
</kw>
<status status="PASS" starttime="20221205 20:38:37.091" endtime="20221205 20:38:44.244"/>
</test>
<kw name="Close Browser" library="SeleniumLibrary" type="TEARDOWN">
<doc>Closes the current browser.</doc>
<status status="PASS" starttime="20221205 20:38:44.244" endtime="20221205 20:38:46.299"/>
</kw>
<status status="PASS" starttime="20221205 20:38:35.958" endtime="20221205 20:38:46.299"/>
</suite>
<status status="PASS" starttime="20221205 20:38:23.141" endtime="20221205 20:38:46.299"/>
</suite>
<status status="PASS" starttime="20221205 20:38:23.125" endtime="20221205 20:38:46.300"/>
</suite>
<statistics>
<total>
<stat pass="2" fail="0" skip="0">All Tests</stat>
</total>
<tag>
</tag>
<suite>
<stat pass="2" fail="0" skip="0" id="s1" name="Tests">Tests</stat>
<stat pass="2" fail="0" skip="0" id="s1-s1" name="Robot">Tests.Robot</stat>
<stat pass="1" fail="0" skip="0" id="s1-s1-s1" name="Download Bib">Tests.Robot.Download Bib</stat>
<stat pass="1" fail="0" skip="0" id="s1-s1-s2" name="Register">Tests.Robot.Register</stat>
</suite>
</statistics>
<errors>
</errors>
</robot>
